This file contains any messages produced by compilers while
running configure, to aid debugging if configure makes a mistake.

It was created by vamp-plugin-sdk configure 2.5, which was
generated by GNU Autoconf 2.69.  Invocation command line was

  $ ./configure 

## --------- ##
## Platform. ##
## --------- ##

hostname = Georges-MacBook-Pro-2.local
uname -m = x86_64
uname -r = 13.4.0
uname -s = Darwin
uname -v = Darwin Kernel Version 13.4.0: Mon Jan 11 18:17:34 PST 2016; root:xnu-2422.115.15~1/RELEASE_X86_64

/usr/bin/uname -p = i386
/bin/uname -X     = unknown

/bin/arch              = unknown
/usr/bin/arch -k       = unknown
/usr/convex/getsysinfo = unknown
/usr/bin/hostinfo      = Mach kernel version:
	 Darwin Kernel Version 13.4.0: Mon Jan 11 18:17:34 PST 2016; root:xnu-2422.115.15~1/RELEASE_X86_64
Kernel configured for up to 4 processors.
2 processors are physically available.
4 processors are logically available.
Processor type: i486 (Intel 80486)
Processors active: 0 1 2 3
Primary memory available: 8.00 gigabytes
Default processor set: 195 tasks, 1049 threads, 4 processors
Load average: 9.00, Mach factor: 1.46
/bin/machine           = unknown
/usr/bin/oslevel       = unknown
/bin/universe          = unknown

PATH: /Users/george/anaconda/bin
PATH: /usr/local/bin
PATH: /usr/local/sbin
PATH: /usr/bin
PATH: /bin
PATH: /usr/sbin
PATH: /sbin
PATH: /usr/local/bin
PATH: /opt/X11/bin
PATH: /usr/local/mysql/bin
PATH: /Applications/acquia-drupal/drush


## ----------- ##
## Core tests. ##
## ----------- ##

configure:2062: checking for g++
configure:2078: found /usr/bin/g++
configure:2089: result: g++
configure:2116: checking for C++ compiler version
configure:2125: g++ --version >&5
Apple LLVM version 5.1 (clang-503.0.40) (based on LLVM 3.4svn)
Target: x86_64-apple-darwin13.4.0
Thread model: posix
Configured with: --prefix=/Applications/Xcode.app/Contents/Developer/usr --with-gxx-include-dir=/usr/include/c++/4.2.1
configure:2136: $? = 0
configure:2125: g++ -v >&5
Configured with: --prefix=/Applications/Xcode.app/Contents/Developer/usr --with-gxx-include-dir=/usr/include/c++/4.2.1
Apple LLVM version 5.1 (clang-503.0.40) (based on LLVM 3.4svn)
Target: x86_64-apple-darwin13.4.0
Thread model: posix
configure:2136: $? = 0
configure:2125: g++ -V >&5
clang: error: argument to '-V' is missing (expected 1 value)
clang: error: no input files
configure:2136: $? = 1
configure:2125: g++ -qversion >&5
clang: error: unknown argument: '-qversion' [-Wunused-command-line-argument-hard-error-in-future]
clang: note: this will be a hard error (cannot be downgraded to a warning) in the future
clang: error: no input files
configure:2136: $? = 1
configure:2156: checking whether the C++ compiler works
configure:2178: g++    conftest.cpp  >&5
configure:2182: $? = 0
configure:2230: result: yes
configure:2233: checking for C++ compiler default output file name
configure:2235: result: a.out
configure:2241: checking for suffix of executables
configure:2248: g++ -o conftest    conftest.cpp  >&5
configure:2252: $? = 0
configure:2274: result: 
configure:2296: checking whether we are cross compiling
configure:2304: g++ -o conftest    conftest.cpp  >&5
configure:2308: $? = 0
configure:2315: ./conftest
configure:2319: $? = 0
configure:2334: result: no
configure:2339: checking for suffix of object files
configure:2361: g++ -c   conftest.cpp >&5
configure:2365: $? = 0
configure:2386: result: o
configure:2390: checking whether we are using the GNU C++ compiler
configure:2409: g++ -c   conftest.cpp >&5
configure:2409: $? = 0
configure:2418: result: yes
configure:2427: checking whether g++ accepts -g
configure:2447: g++ -c -g  conftest.cpp >&5
configure:2447: $? = 0
configure:2488: result: yes
configure:2559: checking for gcc
configure:2575: found /usr/bin/gcc
configure:2586: result: gcc
configure:2815: checking for C compiler version
configure:2824: gcc --version >&5
Apple LLVM version 5.1 (clang-503.0.40) (based on LLVM 3.4svn)
Target: x86_64-apple-darwin13.4.0
Thread model: posix
Configured with: --prefix=/Applications/Xcode.app/Contents/Developer/usr --with-gxx-include-dir=/usr/include/c++/4.2.1
configure:2835: $? = 0
configure:2824: gcc -v >&5
Configured with: --prefix=/Applications/Xcode.app/Contents/Developer/usr --with-gxx-include-dir=/usr/include/c++/4.2.1
Apple LLVM version 5.1 (clang-503.0.40) (based on LLVM 3.4svn)
Target: x86_64-apple-darwin13.4.0
Thread model: posix
configure:2835: $? = 0
configure:2824: gcc -V >&5
clang: error: argument to '-V' is missing (expected 1 value)
clang: error: no input files
configure:2835: $? = 1
configure:2824: gcc -qversion >&5
clang: error: unknown argument: '-qversion' [-Wunused-command-line-argument-hard-error-in-future]
clang: note: this will be a hard error (cannot be downgraded to a warning) in the future
clang: error: no input files
configure:2835: $? = 1
configure:2839: checking whether we are using the GNU C compiler
configure:2858: gcc -c   conftest.c >&5
configure:2858: $? = 0
configure:2867: result: yes
configure:2876: checking whether gcc accepts -g
configure:2896: gcc -c -g  conftest.c >&5
configure:2896: $? = 0
configure:2937: result: yes
configure:2954: checking for gcc option to accept ISO C89
configure:3017: gcc  -c -g -O2  conftest.c >&5
configure:3017: $? = 0
configure:3030: result: none needed
configure:3056: checking how to run the C preprocessor
configure:3087: gcc -E  conftest.c
configure:3087: $? = 0
configure:3101: gcc -E  conftest.c
conftest.c:9:10: fatal error: 'ac_nonexistent.h' file not found
#include <ac_nonexistent.h>
         ^
1 error generated.
configure:3101: $? = 1
configure: failed program was:
| /* confdefs.h */
| #define PACKAGE_NAME "vamp-plugin-sdk"
| #define PACKAGE_TARNAME "vamp-plugin-sdk"
| #define PACKAGE_VERSION "2.5"
| #define PACKAGE_STRING "vamp-plugin-sdk 2.5"
| #define PACKAGE_BUGREPORT "cannam@all-day-breakfast.com"
| #define PACKAGE_URL ""
| /* end confdefs.h.  */
| #include <ac_nonexistent.h>
configure:3126: result: gcc -E
configure:3146: gcc -E  conftest.c
configure:3146: $? = 0
configure:3160: gcc -E  conftest.c
conftest.c:9:10: fatal error: 'ac_nonexistent.h' file not found
#include <ac_nonexistent.h>
         ^
1 error generated.
configure:3160: $? = 1
configure: failed program was:
| /* confdefs.h */
| #define PACKAGE_NAME "vamp-plugin-sdk"
| #define PACKAGE_TARNAME "vamp-plugin-sdk"
| #define PACKAGE_VERSION "2.5"
| #define PACKAGE_STRING "vamp-plugin-sdk 2.5"
| #define PACKAGE_BUGREPORT "cannam@all-day-breakfast.com"
| #define PACKAGE_URL ""
| /* end confdefs.h.  */
| #include <ac_nonexistent.h>
configure:3189: checking for grep that handles long lines and -e
configure:3247: result: /usr/bin/grep
configure:3252: checking for egrep
configure:3314: result: /usr/bin/grep -E
configure:3319: checking for ANSI C header files
configure:3339: gcc -c -g -O2  conftest.c >&5
configure:3339: $? = 0
configure:3412: gcc -o conftest -g -O2   conftest.c  >&5
configure:3412: $? = 0
configure:3412: ./conftest
configure:3412: $? = 0
configure:3423: result: yes
configure:3436: checking for sys/types.h
configure:3436: gcc -c -g -O2  conftest.c >&5
configure:3436: $? = 0
configure:3436: result: yes
configure:3436: checking for sys/stat.h
configure:3436: gcc -c -g -O2  conftest.c >&5
configure:3436: $? = 0
configure:3436: result: yes
configure:3436: checking for stdlib.h
configure:3436: gcc -c -g -O2  conftest.c >&5
configure:3436: $? = 0
configure:3436: result: yes
configure:3436: checking for string.h
configure:3436: gcc -c -g -O2  conftest.c >&5
configure:3436: $? = 0
configure:3436: result: yes
configure:3436: checking for memory.h
configure:3436: gcc -c -g -O2  conftest.c >&5
configure:3436: $? = 0
configure:3436: result: yes
configure:3436: checking for strings.h
configure:3436: gcc -c -g -O2  conftest.c >&5
configure:3436: $? = 0
configure:3436: result: yes
configure:3436: checking for inttypes.h
configure:3436: gcc -c -g -O2  conftest.c >&5
configure:3436: $? = 0
configure:3436: result: yes
configure:3436: checking for stdint.h
configure:3436: gcc -c -g -O2  conftest.c >&5
configure:3436: $? = 0
configure:3436: result: yes
configure:3436: checking for unistd.h
configure:3436: gcc -c -g -O2  conftest.c >&5
configure:3436: $? = 0
configure:3436: result: yes
configure:3448: checking whether byte ordering is bigendian
configure:3463: gcc -c -g -O2  conftest.c >&5
configure:3463: $? = 0
configure:3508: gcc -c -g -O2  conftest.c >&5
configure:3508: $? = 0
configure:3526: gcc -c -g -O2  conftest.c >&5
conftest.c:26:4: error: use of undeclared identifier 'not'
                 not big endian
                 ^
1 error generated.
configure:3526: $? = 1
configure: failed program was:
| /* confdefs.h */
| #define PACKAGE_NAME "vamp-plugin-sdk"
| #define PACKAGE_TARNAME "vamp-plugin-sdk"
| #define PACKAGE_VERSION "2.5"
| #define PACKAGE_STRING "vamp-plugin-sdk 2.5"
| #define PACKAGE_BUGREPORT "cannam@all-day-breakfast.com"
| #define PACKAGE_URL ""
| #define STDC_HEADERS 1
| #define HAVE_SYS_TYPES_H 1
| #define HAVE_SYS_STAT_H 1
| #define HAVE_STDLIB_H 1
| #define HAVE_STRING_H 1
| #define HAVE_MEMORY_H 1
| #define HAVE_STRINGS_H 1
| #define HAVE_INTTYPES_H 1
| #define HAVE_STDINT_H 1
| #define HAVE_UNISTD_H 1
| /* end confdefs.h.  */
| #include <sys/types.h>
| 		#include <sys/param.h>
| 
| int
| main ()
| {
| #if BYTE_ORDER != BIG_ENDIAN
| 		 not big endian
| 		#endif
| 
|   ;
|   return 0;
| }
configure:3654: result: no
configure:3679: checking for library containing dlopen
configure:3710: gcc -o conftest -g -O2   conftest.c  >&5
configure:3710: $? = 0
configure:3727: result: none required
configure:3799: checking for pkg-config
configure:3817: found /usr/local/bin/pkg-config
configure:3829: result: /usr/local/bin/pkg-config
configure:3854: checking pkg-config is at least version 0.9.0
configure:3857: result: yes
configure:3867: checking for SNDFILE
configure:3874: $PKG_CONFIG --exists --print-errors "sndfile"
configure:3877: $? = 0
configure:3891: $PKG_CONFIG --exists --print-errors "sndfile"
configure:3894: $? = 0
configure:3932: result: yes
configure:4111: creating ./config.status

## ---------------------- ##
## Running config.status. ##
## ---------------------- ##

This file was extended by vamp-plugin-sdk config.status 2.5, which was
generated by GNU Autoconf 2.69.  Invocation command line was

  CONFIG_FILES    = 
  CONFIG_HEADERS  = 
  CONFIG_LINKS    = 
  CONFIG_COMMANDS = 
  $ ./config.status 

on Georges-MacBook-Pro-2.local

config.status:732: creating Makefile

## ---------------- ##
## Cache variables. ##
## ---------------- ##

ac_cv_c_bigendian=no
ac_cv_c_compiler_gnu=yes
ac_cv_cxx_compiler_gnu=yes
ac_cv_env_CCC_set=
ac_cv_env_CCC_value=
ac_cv_env_CC_set=
ac_cv_env_CC_value=
ac_cv_env_CFLAGS_set=
ac_cv_env_CFLAGS_value=
ac_cv_env_CPPFLAGS_set=
ac_cv_env_CPPFLAGS_value=
ac_cv_env_CPP_set=
ac_cv_env_CPP_value=
ac_cv_env_CXXFLAGS_set=
ac_cv_env_CXXFLAGS_value=
ac_cv_env_CXX_set=
ac_cv_env_CXX_value=
ac_cv_env_LDFLAGS_set=
ac_cv_env_LDFLAGS_value=
ac_cv_env_LIBS_set=
ac_cv_env_LIBS_value=
ac_cv_env_PKG_CONFIG_LIBDIR_set=
ac_cv_env_PKG_CONFIG_LIBDIR_value=
ac_cv_env_PKG_CONFIG_PATH_set=
ac_cv_env_PKG_CONFIG_PATH_value=
ac_cv_env_PKG_CONFIG_set=
ac_cv_env_PKG_CONFIG_value=
ac_cv_env_SNDFILE_CFLAGS_set=
ac_cv_env_SNDFILE_CFLAGS_value=
ac_cv_env_SNDFILE_LIBS_set=
ac_cv_env_SNDFILE_LIBS_value=
ac_cv_env_build_alias_set=
ac_cv_env_build_alias_value=
ac_cv_env_host_alias_set=
ac_cv_env_host_alias_value=
ac_cv_env_target_alias_set=
ac_cv_env_target_alias_value=
ac_cv_header_inttypes_h=yes
ac_cv_header_memory_h=yes
ac_cv_header_stdc=yes
ac_cv_header_stdint_h=yes
ac_cv_header_stdlib_h=yes
ac_cv_header_string_h=yes
ac_cv_header_strings_h=yes
ac_cv_header_sys_stat_h=yes
ac_cv_header_sys_types_h=yes
ac_cv_header_unistd_h=yes
ac_cv_objext=o
ac_cv_path_EGREP='/usr/bin/grep -E'
ac_cv_path_GREP=/usr/bin/grep
ac_cv_path_ac_pt_PKG_CONFIG=/usr/local/bin/pkg-config
ac_cv_prog_CPP='gcc -E'
ac_cv_prog_ac_ct_CC=gcc
ac_cv_prog_ac_ct_CXX=g++
ac_cv_prog_cc_c89=
ac_cv_prog_cc_g=yes
ac_cv_prog_cxx_g=yes
ac_cv_search_dlopen='none required'
pkg_cv_SNDFILE_CFLAGS=-I/usr/local/Cellar/libsndfile/1.0.26/include
pkg_cv_SNDFILE_LIBS='-L/usr/local/Cellar/libsndfile/1.0.26/lib -lsndfile'

## ----------------- ##
## Output variables. ##
## ----------------- ##

CC='gcc'
CFLAGS='-g -O2'
CPP='gcc -E'
CPPFLAGS=''
CXX='g++'
CXXFLAGS='-g -O2 -fPIC -Wall'
DEFS='-DPACKAGE_NAME=\"vamp-plugin-sdk\" -DPACKAGE_TARNAME=\"vamp-plugin-sdk\" -DPACKAGE_VERSION=\"2.5\" -DPACKAGE_STRING=\"vamp-plugin-sdk\ 2.5\" -DPACKAGE_BUGREPORT=\"cannam@all-day-breakfast.com\" -DPACKAGE_URL=\"\" -DSTDC_HEADERS=1 -DHAVE_SYS_TYPES_H=1 -DHAVE_SYS_STAT_H=1 -DHAVE_STDLIB_H=1 -DHAVE_STRING_H=1 -DHAVE_MEMORY_H=1 -DHAVE_STRINGS_H=1 -DHAVE_INTTYPES_H=1 -DHAVE_STDINT_H=1 -DHAVE_UNISTD_H=1'
ECHO_C='\c'
ECHO_N=''
ECHO_T=''
EGREP='/usr/bin/grep -E'
EXEEXT=''
GREP='/usr/bin/grep'
LDFLAGS=''
LIBOBJS=''
LIBS=''
LTLIBOBJS=''
OBJEXT='o'
PACKAGE_BUGREPORT='cannam@all-day-breakfast.com'
PACKAGE_NAME='vamp-plugin-sdk'
PACKAGE_STRING='vamp-plugin-sdk 2.5'
PACKAGE_TARNAME='vamp-plugin-sdk'
PACKAGE_URL=''
PACKAGE_VERSION='2.5'
PATH_SEPARATOR=':'
PKG_CONFIG='/usr/local/bin/pkg-config'
PKG_CONFIG_LIBDIR=''
PKG_CONFIG_PATH=''
SHELL='/bin/sh'
SNDFILE_CFLAGS='-I/usr/local/Cellar/libsndfile/1.0.26/include'
SNDFILE_LIBS='-L/usr/local/Cellar/libsndfile/1.0.26/lib -lsndfile'
TARGETS='sdk plugins host rdfgen test'
ac_ct_CC='gcc'
ac_ct_CXX='g++'
bindir='${exec_prefix}/bin'
build_alias=''
datadir='${datarootdir}'
datarootdir='${prefix}/share'
docdir='${datarootdir}/doc/${PACKAGE_TARNAME}'
dvidir='${docdir}'
exec_prefix='${prefix}'
host_alias=''
htmldir='${docdir}'
includedir='${prefix}/include'
infodir='${datarootdir}/info'
libdir='${exec_prefix}/lib'
libexecdir='${exec_prefix}/libexec'
localedir='${datarootdir}/locale'
localstatedir='${prefix}/var'
mandir='${datarootdir}/man'
oldincludedir='/usr/include'
pdfdir='${docdir}'
prefix='/usr/local'
program_transform_name='s,x,x,'
psdir='${docdir}'
sbindir='${exec_prefix}/sbin'
sharedstatedir='${prefix}/com'
sysconfdir='${prefix}/etc'
target_alias=''

## ----------- ##
## confdefs.h. ##
## ----------- ##

/* confdefs.h */
#define PACKAGE_NAME "vamp-plugin-sdk"
#define PACKAGE_TARNAME "vamp-plugin-sdk"
#define PACKAGE_VERSION "2.5"
#define PACKAGE_STRING "vamp-plugin-sdk 2.5"
#define PACKAGE_BUGREPORT "cannam@all-day-breakfast.com"
#define PACKAGE_URL ""
#define STDC_HEADERS 1
#define HAVE_SYS_TYPES_H 1
#define HAVE_SYS_STAT_H 1
#define HAVE_STDLIB_H 1
#define HAVE_STRING_H 1
#define HAVE_MEMORY_H 1
#define HAVE_STRINGS_H 1
#define HAVE_INTTYPES_H 1
#define HAVE_STDINT_H 1
#define HAVE_UNISTD_H 1

configure: exit 0
